This program should be regarded as a DEBUGGING aid, not as a 
certifier of correctness.
Call with the -l flag or read the license file for terms
and conditions of use.
Run this program with "-h" for the list of options.

Bugs, questions, and comments should be directed to
"murphi@verify.stanford.edu".

Murphi compiler last modified date: Jan 29 1999
Include files   last modified date: Jan 29 1999
==========================================================================

==========================================================================
Murphi Release 3.1
Finite-state Concurrent System Verifier.

Copyright (C) 1992 - 1999 by the Board of Trustees of
Leland Stanford Junior University.

==========================================================================

Protocol: msi_opt

Algorithm:
	Verification by breadth first search.
	with symmetry algorithm 3 -- Heuristic Small Memory Normalization
	with permutation trial limit 10.

Memory usage:

	* The size of each state is 1088 bits (rounded up to 136 bytes).
	* The memory allocated for the hash table and state queue is
	  209 Mbytes.
	  With two words of overhead per state, the maximum size of
	  the state space is 1493717 states.
	   * Use option "-k" or "-m" to increase this, if necessary.
	* Capacity in queue for breadth-first search: 149371 states.
	   * Change the constant gPercentActiveStates in mu_prolog.inc
	     to increase this, if necessary.

Progress Report:

	1000 states explored in 0.17s, with 2778 rules fired and 459 states in the queue.
	2000 states explored in 0.19s, with 5756 rules fired and 778 states in the queue.
	3000 states explored in 0.21s, with 8858 rules fired and 1118 states in the queue.
	4000 states explored in 0.23s, with 11869 rules fired and 1517 states in the queue.
	5000 states explored in 0.25s, with 14933 rules fired and 1815 states in the queue.
	6000 states explored in 0.27s, with 18060 rules fired and 2149 states in the queue.
	7000 states explored in 0.29s, with 21226 rules fired and 2529 states in the queue.
	8000 states explored in 0.31s, with 24287 rules fired and 2898 states in the queue.
	9000 states explored in 0.33s, with 27803 rules fired and 3190 states in the queue.
	10000 states explored in 0.36s, with 31703 rules fired and 3426 states in the queue.
	11000 states explored in 0.38s, with 35197 rules fired and 3739 states in the queue.
	12000 states explored in 0.40s, with 38469 rules fired and 4007 states in the queue.
	13000 states explored in 0.42s, with 42124 rules fired and 4248 states in the queue.
	14000 states explored in 0.45s, with 46252 rules fired and 4411 states in the queue.
	15000 states explored in 0.47s, with 50013 rules fired and 4679 states in the queue.
	16000 states explored in 0.50s, with 54083 rules fired and 4857 states in the queue.
	17000 states explored in 0.52s, with 57318 rules fired and 5111 states in the queue.
	18000 states explored in 0.54s, with 61105 rules fired and 5277 states in the queue.
	19000 states explored in 0.57s, with 65279 rules fired and 5355 states in the queue.
	20000 states explored in 0.59s, with 69214 rules fired and 5608 states in the queue.
	21000 states explored in 0.62s, with 73291 rules fired and 5753 states in the queue.
	22000 states explored in 0.64s, with 77571 rules fired and 5887 states in the queue.
	23000 states explored in 0.66s, with 81070 rules fired and 6109 states in the queue.
	24000 states explored in 0.69s, with 84528 rules fired and 6354 states in the queue.
	25000 states explored in 0.71s, with 88458 rules fired and 6495 states in the queue.
	26000 states explored in 0.74s, with 92859 rules fired and 6588 states in the queue.
	27000 states explored in 0.76s, with 96520 rules fired and 6850 states in the queue.
	28000 states explored in 0.79s, with 101256 rules fired and 6765 states in the queue.
	29000 states explored in 0.82s, with 105408 rules fired and 6868 states in the queue.
	30000 states explored in 0.84s, with 108852 rules fired and 7089 states in the queue.
	31000 states explored in 0.86s, with 112130 rules fired and 7361 states in the queue.
	32000 states explored in 0.88s, with 115756 rules fired and 7573 states in the queue.
	33000 states explored in 0.91s, with 119420 rules fired and 7766 states in the queue.
	34000 states explored in 0.94s, with 124082 rules fired and 7782 states in the queue.
	35000 states explored in 0.96s, with 127637 rules fired and 8070 states in the queue.
	36000 states explored in 0.99s, with 131980 rules fired and 8071 states in the queue.
	37000 states explored in 1.02s, with 136132 rules fired and 8159 states in the queue.
	38000 states explored in 1.04s, with 139833 rules fired and 8362 states in the queue.
	39000 states explored in 1.06s, with 143309 rules fired and 8580 states in the queue.
	40000 states explored in 1.09s, with 147147 rules fired and 8730 states in the queue.
	41000 states explored in 1.11s, with 151008 rules fired and 8877 states in the queue.
	42000 states explored in 1.13s, with 154728 rules fired and 9037 states in the queue.
	43000 states explored in 1.16s, with 158843 rules fired and 9175 states in the queue.
	44000 states explored in 1.18s, with 162715 rules fired and 9332 states in the queue.
	45000 states explored in 1.21s, with 166979 rules fired and 9470 states in the queue.
	46000 states explored in 1.24s, with 171237 rules fired and 9510 states in the queue.
	47000 states explored in 1.26s, with 175120 rules fired and 9610 states in the queue.
	48000 states explored in 1.29s, with 179335 rules fired and 9649 states in the queue.
	49000 states explored in 1.31s, with 182994 rules fired and 9859 states in the queue.
	50000 states explored in 1.33s, with 187026 rules fired and 9913 states in the queue.
	51000 states explored in 1.36s, with 190758 rules fired and 10113 states in the queue.
	52000 states explored in 1.38s, with 194621 rules fired and 10225 states in the queue.
	53000 states explored in 1.41s, with 198515 rules fired and 10378 states in the queue.
	54000 states explored in 1.43s, with 202575 rules fired and 10470 states in the queue.
	55000 states explored in 1.46s, with 207048 rules fired and 10523 states in the queue.
	56000 states explored in 1.48s, with 210879 rules fired and 10728 states in the queue.
	57000 states explored in 1.51s, with 214696 rules fired and 10810 states in the queue.
	58000 states explored in 1.53s, with 218401 rules fired and 10938 states in the queue.
	59000 states explored in 1.56s, with 222810 rules fired and 10911 states in the queue.
	60000 states explored in 1.58s, with 227014 rules fired and 11006 states in the queue.
	61000 states explored in 1.61s, with 231246 rules fired and 10978 states in the queue.
	62000 states explored in 1.63s, with 235210 rules fired and 11105 states in the queue.
	63000 states explored in 1.66s, with 239301 rules fired and 11156 states in the queue.
	64000 states explored in 1.68s, with 243147 rules fired and 11266 states in the queue.
	65000 states explored in 1.71s, with 247666 rules fired and 11298 states in the queue.
	66000 states explored in 1.74s, with 252038 rules fired and 11356 states in the queue.
	67000 states explored in 1.77s, with 256562 rules fired and 11423 states in the queue.
	68000 states explored in 1.79s, with 260428 rules fired and 11586 states in the queue.
	69000 states explored in 1.82s, with 264082 rules fired and 11704 states in the queue.
	70000 states explored in 1.85s, with 268228 rules fired and 11741 states in the queue.
	71000 states explored in 1.87s, with 272822 rules fired and 11691 states in the queue.
	72000 states explored in 1.90s, with 276991 rules fired and 11675 states in the queue.
	73000 states explored in 1.93s, with 281235 rules fired and 11695 states in the queue.
	74000 states explored in 1.95s, with 285527 rules fired and 11728 states in the queue.
	75000 states explored in 1.98s, with 289922 rules fired and 11666 states in the queue.
	76000 states explored in 2.01s, with 293933 rules fired and 11754 states in the queue.
	77000 states explored in 2.04s, with 298648 rules fired and 11717 states in the queue.
	78000 states explored in 2.06s, with 302670 rules fired and 11865 states in the queue.
	79000 states explored in 2.09s, with 307317 rules fired and 11854 states in the queue.
	80000 states explored in 2.12s, with 311310 rules fired and 11950 states in the queue.
	81000 states explored in 2.14s, with 315045 rules fired and 12063 states in the queue.
	82000 states explored in 2.17s, with 319010 rules fired and 12121 states in the queue.
	83000 states explored in 2.19s, with 323432 rules fired and 12055 states in the queue.
	84000 states explored in 2.22s, with 327398 rules fired and 12130 states in the queue.
	85000 states explored in 2.24s, with 331287 rules fired and 12246 states in the queue.
	86000 states explored in 2.27s, with 335472 rules fired and 12265 states in the queue.
	87000 states explored in 2.29s, with 339449 rules fired and 12298 states in the queue.
	88000 states explored in 2.32s, with 343373 rules fired and 12403 states in the queue.
	89000 states explored in 2.35s, with 347870 rules fired and 12443 states in the queue.
	90000 states explored in 2.37s, with 352001 rules fired and 12487 states in the queue.
	91000 states explored in 2.40s, with 356134 rules fired and 12603 states in the queue.
	92000 states explored in 2.43s, with 360800 rules fired and 12587 states in the queue.
	93000 states explored in 2.46s, with 364929 rules fired and 12606 states in the queue.
	94000 states explored in 2.48s, with 368712 rules fired and 12687 states in the queue.
	95000 states explored in 2.51s, with 372998 rules fired and 12691 states in the queue.
	96000 states explored in 2.54s, with 377424 rules fired and 12635 states in the queue.
	97000 states explored in 2.56s, with 381099 rules fired and 12727 states in the queue.
	98000 states explored in 2.59s, with 385160 rules fired and 12786 states in the queue.
	99000 states explored in 2.61s, with 389521 rules fired and 12718 states in the queue.
	100000 states explored in 2.64s, with 393679 rules fired and 12684 states in the queue.
	101000 states explored in 2.67s, with 398186 rules fired and 12633 states in the queue.
	102000 states explored in 2.70s, with 402366 rules fired and 12708 states in the queue.
	103000 states explored in 2.72s, with 406609 rules fired and 12736 states in the queue.
	104000 states explored in 2.75s, with 410747 rules fired and 12843 states in the queue.
	105000 states explored in 2.77s, with 415265 rules fired and 12873 states in the queue.
	106000 states explored in 2.80s, with 419638 rules fired and 12845 states in the queue.
	107000 states explored in 2.83s, with 423542 rules fired and 12893 states in the queue.
	108000 states explored in 2.85s, with 427789 rules fired and 12940 states in the queue.
	109000 states explored in 2.88s, with 431876 rules fired and 12955 states in the queue.
	110000 states explored in 2.90s, with 435804 rules fired and 12962 states in the queue.
	111000 states explored in 2.93s, with 439996 rules fired and 13000 states in the queue.
	112000 states explored in 2.96s, with 444191 rules fired and 12969 states in the queue.
	113000 states explored in 2.98s, with 448187 rules fired and 12944 states in the queue.
	114000 states explored in 3.01s, with 452580 rules fired and 12872 states in the queue.
	115000 states explored in 3.04s, with 456917 rules fired and 12898 states in the queue.
	116000 states explored in 3.07s, with 460972 rules fired and 12969 states in the queue.
	117000 states explored in 3.10s, with 464768 rules fired and 13105 states in the queue.
	118000 states explored in 3.13s, with 469884 rules fired and 12957 states in the queue.
	119000 states explored in 3.16s, with 474490 rules fired and 12869 states in the queue.
	120000 states explored in 3.18s, with 478622 rules fired and 12831 states in the queue.
	121000 states explored in 3.21s, with 482671 rules fired and 12909 states in the queue.
	122000 states explored in 3.23s, with 486552 rules fired and 12916 states in the queue.
	123000 states explored in 3.26s, with 490379 rules fired and 12982 states in the queue.
	124000 states explored in 3.28s, with 494828 rules fired and 12955 states in the queue.
	125000 states explored in 3.31s, with 498722 rules fired and 12962 states in the queue.
	126000 states explored in 3.34s, with 502726 rules fired and 12952 states in the queue.
	127000 states explored in 3.37s, with 507206 rules fired and 12912 states in the queue.
	128000 states explored in 3.39s, with 511422 rules fired and 12881 states in the queue.
	129000 states explored in 3.42s, with 515541 rules fired and 12885 states in the queue.
	130000 states explored in 3.44s, with 519345 rules fired and 13031 states in the queue.
	131000 states explored in 3.47s, with 524195 rules fired and 12912 states in the queue.
	132000 states explored in 3.50s, with 528554 rules fired and 12872 states in the queue.
	133000 states explored in 3.53s, with 532613 rules fired and 12870 states in the queue.
	134000 states explored in 3.55s, with 536860 rules fired and 12841 states in the queue.
	135000 states explored in 3.58s, with 540829 rules fired and 12814 states in the queue.
	136000 states explored in 3.60s, with 544404 rules fired and 12928 states in the queue.
	137000 states explored in 3.63s, with 548940 rules fired and 12848 states in the queue.
	138000 states explored in 3.65s, with 552582 rules fired and 12913 states in the queue.
	139000 states explored in 3.68s, with 556559 rules fired and 12921 states in the queue.
	140000 states explored in 3.71s, with 561174 rules fired and 12799 states in the queue.
	141000 states explored in 3.73s, with 565112 rules fired and 12838 states in the queue.
	142000 states explored in 3.76s, with 568926 rules fired and 12920 states in the queue.
	143000 states explored in 3.78s, with 573045 rules fired and 12966 states in the queue.
	144000 states explored in 3.81s, with 577708 rules fired and 12932 states in the queue.
	145000 states explored in 3.84s, with 582009 rules fired and 12884 states in the queue.
	146000 states explored in 3.86s, with 586104 rules fired and 12884 states in the queue.
	147000 states explored in 3.89s, with 590179 rules fired and 12854 states in the queue.
	148000 states explored in 3.91s, with 594113 rules fired and 12888 states in the queue.
	149000 states explored in 3.93s, with 597835 rules fired and 12935 states in the queue.
	150000 states explored in 3.96s, with 602222 rules fired and 12853 states in the queue.
	151000 states explored in 3.99s, with 605965 rules fired and 12929 states in the queue.
	152000 states explored in 4.01s, with 610041 rules fired and 12881 states in the queue.
	153000 states explored in 4.04s, with 614490 rules fired and 12809 states in the queue.
	154000 states explored in 4.06s, with 618461 rules fired and 12814 states in the queue.
	155000 states explored in 4.09s, with 622597 rules fired and 12825 states in the queue.
	156000 states explored in 4.12s, with 626947 rules fired and 12796 states in the queue.
	157000 states explored in 4.15s, with 631577 rules fired and 12701 states in the queue.
	158000 states explored in 4.17s, with 635783 rules fired and 12663 states in the queue.
	159000 states explored in 4.20s, with 640055 rules fired and 12561 states in the queue.
	160000 states explored in 4.23s, with 644383 rules fired and 12492 states in the queue.
	161000 states explored in 4.25s, with 648197 rules fired and 12556 states in the queue.
	162000 states explored in 4.28s, with 652392 rules fired and 12513 states in the queue.
	163000 states explored in 4.31s, with 656880 rules fired and 12360 states in the queue.
	164000 states explored in 4.33s, with 660688 rules fired and 12371 states in the queue.
	165000 states explored in 4.36s, with 665181 rules fired and 12293 states in the queue.
	166000 states explored in 4.39s, with 669724 rules fired and 12147 states in the queue.
	167000 states explored in 4.41s, with 674209 rules fired and 12042 states in the queue.
	168000 states explored in 4.44s, with 678864 rules fired and 11980 states in the queue.
	169000 states explored in 4.47s, with 683359 rules fired and 11868 states in the queue.
	170000 states explored in 4.50s, with 687798 rules fired and 11735 states in the queue.
	171000 states explored in 4.53s, with 692360 rules fired and 11604 states in the queue.
	172000 states explored in 4.56s, with 696935 rules fired and 11405 states in the queue.
	173000 states explored in 4.58s, with 701287 rules fired and 11298 states in the queue.
	174000 states explored in 4.61s, with 705930 rules fired and 11065 states in the queue.
	175000 states explored in 4.64s, with 709856 rules fired and 11004 states in the queue.
	176000 states explored in 4.66s, with 714036 rules fired and 10997 states in the queue.
	177000 states explored in 4.69s, with 718600 rules fired and 10861 states in the queue.
	178000 states explored in 4.72s, with 723569 rules fired and 10666 states in the queue.
	179000 states explored in 4.75s, with 728158 rules fired and 10605 states in the queue.
	180000 states explored in 4.78s, with 732638 rules fired and 10484 states in the queue.
	181000 states explored in 4.81s, with 737274 rules fired and 10280 states in the queue.
	182000 states explored in 4.83s, with 741636 rules fired and 10171 states in the queue.
	183000 states explored in 4.86s, with 746042 rules fired and 10027 states in the queue.
	184000 states explored in 4.89s, with 750451 rules fired and 9878 states in the queue.
	185000 states explored in 4.91s, with 754649 rules fired and 9747 states in the queue.
	186000 states explored in 4.94s, with 759068 rules fired and 9642 states in the queue.
	187000 states explored in 4.97s, with 764012 rules fired and 9412 states in the queue.
	188000 states explored in 5.00s, with 768650 rules fired and 9306 states in the queue.
	189000 states explored in 5.03s, with 773406 rules fired and 9132 states in the queue.
	190000 states explored in 5.06s, with 778054 rules fired and 8923 states in the queue.
	191000 states explored in 5.09s, with 782068 rules fired and 8915 states in the queue.
	192000 states explored in 5.11s, with 786102 rules fired and 8908 states in the queue.
	193000 states explored in 5.14s, with 790398 rules fired and 8765 states in the queue.
	194000 states explored in 5.17s, with 794823 rules fired and 8622 states in the queue.
	195000 states explored in 5.20s, with 799778 rules fired and 8360 states in the queue.
	196000 states explored in 5.23s, with 804194 rules fired and 8296 states in the queue.
	197000 states explored in 5.26s, with 809020 rules fired and 8059 states in the queue.
	198000 states explored in 5.29s, with 813724 rules fired and 7873 states in the queue.
	199000 states explored in 5.32s, with 817734 rules fired and 7808 states in the queue.
	200000 states explored in 5.35s, with 822428 rules fired and 7588 states in the queue.
	201000 states explored in 5.37s, with 826719 rules fired and 7430 states in the queue.
	202000 states explored in 5.40s, with 831610 rules fired and 7176 states in the queue.
	203000 states explored in 5.43s, with 836047 rules fired and 7092 states in the queue.
	204000 states explored in 5.46s, with 840560 rules fired and 6940 states in the queue.
	205000 states explored in 5.49s, with 845173 rules fired and 6740 states in the queue.
	206000 states explored in 5.52s, with 849323 rules fired and 6613 states in the queue.
	207000 states explored in 5.55s, with 853685 rules fired and 6425 states in the queue.
	208000 states explored in 5.58s, with 858235 rules fired and 6233 states in the queue.
	209000 states explored in 5.60s, with 862600 rules fired and 6138 states in the queue.
	210000 states explored in 5.63s, with 867097 rules fired and 5976 states in the queue.
	211000 states explored in 5.66s, with 871872 rules fired and 5704 states in the queue.
	212000 states explored in 5.69s, with 875741 rules fired and 5673 states in the queue.
	213000 states explored in 5.72s, with 880163 rules fired and 5469 states in the queue.
	214000 states explored in 5.75s, with 885038 rules fired and 5205 states in the queue.
	215000 states explored in 5.78s, with 889674 rules fired and 5006 states in the queue.
	216000 states explored in 5.81s, with 894255 rules fired and 4778 states in the queue.
	217000 states explored in 5.84s, with 898429 rules fired and 4579 states in the queue.
	218000 states explored in 5.86s, with 902495 rules fired and 4462 states in the queue.
	219000 states explored in 5.89s, with 907099 rules fired and 4273 states in the queue.
	220000 states explored in 5.92s, with 911602 rules fired and 4050 states in the queue.
	221000 states explored in 5.95s, with 915852 rules fired and 3792 states in the queue.
	222000 states explored in 5.98s, with 920420 rules fired and 3555 states in the queue.
	223000 states explored in 6.01s, with 924896 rules fired and 3370 states in the queue.
	224000 states explored in 6.04s, with 929189 rules fired and 3146 states in the queue.
	225000 states explored in 6.07s, with 933764 rules fired and 2898 states in the queue.
	226000 states explored in 6.10s, with 938142 rules fired and 2725 states in the queue.
	227000 states explored in 6.13s, with 942529 rules fired and 2452 states in the queue.
	228000 states explored in 6.15s, with 946809 rules fired and 2279 states in the queue.
	229000 states explored in 6.18s, with 951236 rules fired and 2033 states in the queue.
	230000 states explored in 6.21s, with 955681 rules fired and 1843 states in the queue.
	231000 states explored in 6.24s, with 959795 rules fired and 1706 states in the queue.
	232000 states explored in 6.27s, with 964087 rules fired and 1474 states in the queue.
	233000 states explored in 6.30s, with 968537 rules fired and 1166 states in the queue.
	234000 states explored in 6.32s, with 972574 rules fired and 1033 states in the queue.
	235000 states explored in 6.35s, with 977125 rules fired and 704 states in the queue.
	236000 states explored in 6.38s, with 981560 rules fired and 463 states in the queue.

==========================================================================

Status:

	No error found.

State Space Explored:

	236650 states, 984948 rules fired in 6.41s.

Analysis of State Space:

	There are rules that are never fired.
	If you are running with symmetry, this may be why.  Otherwise,
	please run this program with "-pr" for the rules information.
	The maximum size for the multiset "HomeNode.sharers" is: 3.
	The maximum size for the multiset "Net[HomeType]" is: 4.
	The maximum size for the multiset "Net[Proc_1]" is: 4.
	The maximum size for the multiset "Net[Proc_2]" is: 2.
	The maximum size for the multiset "Net[Proc_3]" is: 3.
